2024-10-01 08:32:17,507 [INFO] Activator:177 - 


2024-10-01 08:32:17,508 [INFO] Activator:178 - !SESSION log4j initialized
2024-10-01 08:32:23,622 [INFO] McuFinderGlobals:39 - Set McuFinder mode to 2 (CubeIDE integrated)
2024-10-01 08:32:24,842 [INFO] ApplicationProperties:181 - Using Application install path: C:\ST\STM32CubeIDE_1.7.0\STM32CubeIDE\plugins\com.st.stm32cube.common.mx_6.3.0.202107141111
2024-10-01 08:32:24,852 [INFO] DbMcusXml:74 - Set database path to: C:\ST\STM32CubeIDE_1.7.0\STM32CubeIDE\plugins\com.st.stm32cube.common.mx_6.3.0.202107141111\\db\/mcu/
2024-10-01 08:32:24,854 [INFO] DbBoardsPdsc:56 - Set plugin database path to: C:\ST\STM32CubeIDE_1.7.0\STM32CubeIDE\plugins\com.st.stm32cube.common.mx_6.3.0.202107141111\\db\/plugins/boardmanager/
2024-10-01 08:32:24,854 [INFO] DbMcus:258 - Set plugin images path to: C:\ST\STM32CubeIDE_1.7.0\STM32CubeIDE\plugins\com.st.stm32cube.common.mx_6.3.0.202107141111\\db\/plugins/mcufinder/images/
2024-10-01 08:32:24,854 [INFO] DbBoards:264 - Set plugin images path to: C:\ST\STM32CubeIDE_1.7.0\STM32CubeIDE\plugins\com.st.stm32cube.common.mx_6.3.0.202107141111\\db\/plugins/mcufinder/images/
2024-10-01 08:32:24,855 [INFO] DbExamples:333 - Set plugin images path to: C:\ST\STM32CubeIDE_1.7.0\STM32CubeIDE\plugins\com.st.stm32cube.common.mx_6.3.0.202107141111\\db\/plugins/mcufinder/images/
2024-10-01 08:32:24,860 [INFO] DbMcusAds:119 - Set database path to: C:\Users\PC\.stmcufinder\plugins\mcufinder//mcu/
2024-10-01 08:32:24,860 [INFO] DbMcusDocs:110 - Set database path to: C:\Users\PC\.stmcufinder\plugins\mcufinder//mcu/
2024-10-01 08:32:24,862 [INFO] DbMcusJson:64 - Set database path to: C:\Users\PC\.stmcufinder\plugins\mcufinder//mcu/
2024-10-01 08:32:24,862 [INFO] DbBoardsDocs:110 - Set database path to: C:\Users\PC\.stmcufinder\plugins\mcufinder//mcu/
2024-10-01 08:32:24,863 [INFO] DbBoardsJson:57 - Set database path to: C:\Users\PC\.stmcufinder\plugins\mcufinder//mcu/
2024-10-01 08:32:24,866 [INFO] CrossReferenceDbSqlite:196 - Set database path to: C:\Users\PC\.stmcufinder\plugins\mcufinder//mcu/cs/
2024-10-01 08:32:24,868 [INFO] DbExamplesSqlite:767 - Set database path to: C:\Users\PC\.stmcufinder\plugins\mcufinder//mcu/
2024-10-01 08:32:24,935 [INFO] RulesReader:57 - Compatibility file has been processed (242 Rules)
2024-10-01 08:32:24,994 [INFO] DbMcusXml:74 - Set database path to: C:\ST\STM32CubeIDE_1.7.0\STM32CubeIDE\plugins\com.st.stm32cube.common.mx_6.3.0.202107141111\\db\/mcu/
2024-10-01 08:32:24,994 [INFO] DbBoardsPdsc:56 - Set plugin database path to: C:\ST\STM32CubeIDE_1.7.0\STM32CubeIDE\plugins\com.st.stm32cube.common.mx_6.3.0.202107141111\\db\/plugins/boardmanager/
2024-10-01 08:32:24,994 [INFO] DbMcus:258 - Set plugin images path to: C:\ST\STM32CubeIDE_1.7.0\STM32CubeIDE\plugins\com.st.stm32cube.common.mx_6.3.0.202107141111\\db\/plugins/mcufinder/images/
2024-10-01 08:32:24,994 [INFO] DbBoards:264 - Set plugin images path to: C:\ST\STM32CubeIDE_1.7.0\STM32CubeIDE\plugins\com.st.stm32cube.common.mx_6.3.0.202107141111\\db\/plugins/mcufinder/images/
2024-10-01 08:32:24,994 [INFO] DbExamples:333 - Set plugin images path to: C:\ST\STM32CubeIDE_1.7.0\STM32CubeIDE\plugins\com.st.stm32cube.common.mx_6.3.0.202107141111\\db\/plugins/mcufinder/images/
2024-10-01 08:32:24,995 [WARN] DbFile:35 - Overriding database path with different value: C:\Users\PC\.stmcufinder\plugins\mcufinder/ => C:\Users\PC\.stmcufinder\plugins\mcufinder
2024-10-01 08:32:24,995 [INFO] DbMcusAds:119 - Set database path to: C:\Users\PC\.stmcufinder\plugins\mcufinder//mcu/
2024-10-01 08:32:24,995 [WARN] DbFile:35 - Overriding database path with different value: C:\Users\PC\.stmcufinder\plugins\mcufinder/ => C:\Users\PC\.stmcufinder\plugins\mcufinder
2024-10-01 08:32:24,995 [INFO] DbMcusDocs:110 - Set database path to: C:\Users\PC\.stmcufinder\plugins\mcufinder//mcu/
2024-10-01 08:32:24,995 [WARN] DbFile:35 - Overriding database path with different value: C:\Users\PC\.stmcufinder\plugins\mcufinder/ => C:\Users\PC\.stmcufinder\plugins\mcufinder
2024-10-01 08:32:24,995 [INFO] DbMcusJson:64 - Set database path to: C:\Users\PC\.stmcufinder\plugins\mcufinder//mcu/
2024-10-01 08:32:24,995 [WARN] DbFile:35 - Overriding database path with different value: C:\Users\PC\.stmcufinder\plugins\mcufinder/ => C:\Users\PC\.stmcufinder\plugins\mcufinder
2024-10-01 08:32:24,995 [INFO] DbBoardsDocs:110 - Set database path to: C:\Users\PC\.stmcufinder\plugins\mcufinder//mcu/
2024-10-01 08:32:24,995 [WARN] DbFile:35 - Overriding database path with different value: C:\Users\PC\.stmcufinder\plugins\mcufinder/ => C:\Users\PC\.stmcufinder\plugins\mcufinder
2024-10-01 08:32:24,995 [INFO] DbBoardsJson:57 - Set database path to: C:\Users\PC\.stmcufinder\plugins\mcufinder//mcu/
2024-10-01 08:32:24,995 [WARN] DbFile:35 - Overriding database path with different value: C:\Users\PC\.stmcufinder\plugins\mcufinder/ => C:\Users\PC\.stmcufinder\plugins\mcufinder
2024-10-01 08:32:24,995 [WARN] DbFile:35 - Overriding database path with different value: C:\Users\PC\.stmcufinder\plugins\mcufinder/ => C:\Users\PC\.stmcufinder\plugins\mcufinder
2024-10-01 08:32:24,995 [INFO] CrossReferenceDbSqlite:196 - Set database path to: C:\Users\PC\.stmcufinder\plugins\mcufinder//mcu/cs/
2024-10-01 08:32:24,995 [WARN] DbFile:35 - Overriding database path with different value: C:\Users\PC\.stmcufinder\plugins\mcufinder/ => C:\Users\PC\.stmcufinder\plugins\mcufinder
2024-10-01 08:32:24,995 [INFO] DbExamplesSqlite:767 - Set database path to: C:\Users\PC\.stmcufinder\plugins\mcufinder//mcu/
2024-10-01 08:32:25,045 [INFO] MainPanel:214 - HeapMemory: 268435456
2024-10-01 08:32:25,119 [INFO] DbMcusXml:74 - Set database path to: C:\ST\STM32CubeIDE_1.7.0\STM32CubeIDE\plugins\com.st.stm32cube.common.mx_6.3.0.202107141111\\db\/mcu/
2024-10-01 08:32:25,119 [INFO] DbBoardsPdsc:56 - Set plugin database path to: C:\ST\STM32CubeIDE_1.7.0\STM32CubeIDE\plugins\com.st.stm32cube.common.mx_6.3.0.202107141111\\db\/plugins/boardmanager/
2024-10-01 08:32:25,119 [INFO] DbMcus:258 - Set plugin images path to: C:\ST\STM32CubeIDE_1.7.0\STM32CubeIDE\plugins\com.st.stm32cube.common.mx_6.3.0.202107141111\\db\/plugins/mcufinder/images/
2024-10-01 08:32:25,119 [INFO] DbBoards:264 - Set plugin images path to: C:\ST\STM32CubeIDE_1.7.0\STM32CubeIDE\plugins\com.st.stm32cube.common.mx_6.3.0.202107141111\\db\/plugins/mcufinder/images/
2024-10-01 08:32:25,119 [INFO] DbExamples:333 - Set plugin images path to: C:\ST\STM32CubeIDE_1.7.0\STM32CubeIDE\plugins\com.st.stm32cube.common.mx_6.3.0.202107141111\\db\/plugins/mcufinder/images/
2024-10-01 08:32:25,119 [WARN] DbFile:35 - Overriding database path with different value: C:\Users\PC\.stmcufinder\plugins\mcufinder/ => C:\Users\PC\.stmcufinder\plugins\mcufinder
2024-10-01 08:32:25,119 [INFO] DbMcusAds:119 - Set database path to: C:\Users\PC\.stmcufinder\plugins\mcufinder//mcu/
2024-10-01 08:32:25,119 [WARN] DbFile:35 - Overriding database path with different value: C:\Users\PC\.stmcufinder\plugins\mcufinder/ => C:\Users\PC\.stmcufinder\plugins\mcufinder
2024-10-01 08:32:25,120 [INFO] DbMcusDocs:110 - Set database path to: C:\Users\PC\.stmcufinder\plugins\mcufinder//mcu/
2024-10-01 08:32:25,120 [WARN] DbFile:35 - Overriding database path with different value: C:\Users\PC\.stmcufinder\plugins\mcufinder/ => C:\Users\PC\.stmcufinder\plugins\mcufinder
2024-10-01 08:32:25,120 [INFO] DbMcusJson:64 - Set database path to: C:\Users\PC\.stmcufinder\plugins\mcufinder//mcu/
2024-10-01 08:32:25,120 [WARN] DbFile:35 - Overriding database path with different value: C:\Users\PC\.stmcufinder\plugins\mcufinder/ => C:\Users\PC\.stmcufinder\plugins\mcufinder
2024-10-01 08:32:25,120 [INFO] DbBoardsDocs:110 - Set database path to: C:\Users\PC\.stmcufinder\plugins\mcufinder//mcu/
2024-10-01 08:32:25,120 [WARN] DbFile:35 - Overriding database path with different value: C:\Users\PC\.stmcufinder\plugins\mcufinder/ => C:\Users\PC\.stmcufinder\plugins\mcufinder
2024-10-01 08:32:25,120 [INFO] DbBoardsJson:57 - Set database path to: C:\Users\PC\.stmcufinder\plugins\mcufinder//mcu/
2024-10-01 08:32:25,120 [WARN] DbFile:35 - Overriding database path with different value: C:\Users\PC\.stmcufinder\plugins\mcufinder/ => C:\Users\PC\.stmcufinder\plugins\mcufinder
2024-10-01 08:32:25,120 [WARN] DbFile:35 - Overriding database path with different value: C:\Users\PC\.stmcufinder\plugins\mcufinder/ => C:\Users\PC\.stmcufinder\plugins\mcufinder
2024-10-01 08:32:25,120 [INFO] CrossReferenceDbSqlite:196 - Set database path to: C:\Users\PC\.stmcufinder\plugins\mcufinder//mcu/cs/
2024-10-01 08:32:25,120 [WARN] DbFile:35 - Overriding database path with different value: C:\Users\PC\.stmcufinder\plugins\mcufinder/ => C:\Users\PC\.stmcufinder\plugins\mcufinder
2024-10-01 08:32:25,120 [INFO] DbExamplesSqlite:767 - Set database path to: C:\Users\PC\.stmcufinder\plugins\mcufinder//mcu/
2024-10-01 08:32:25,133 [INFO] ApplicationProperties:181 - Using Application install path: C:\ST\STM32CubeIDE_1.7.0\STM32CubeIDE\plugins\com.st.stm32cube.common.mx_6.3.0.202107141111
2024-10-01 08:32:25,134 [INFO] PluginManage:188 - Search for loadable plugins [exclusion list=, ]
2024-10-01 08:32:25,135 [INFO] PluginManage:302 - Check plugin analytics
2024-10-01 08:32:30,199 [INFO] AnalyticsPlugin:257 - Accepted Software Licenses: 
2024-10-01 08:32:30,200 [INFO] AnalyticsPlugin:259 - Accepted CMSIS Pack Licenses: 
2024-10-01 08:32:30,200 [INFO] AnalyticsPlugin:261 - Accepted Firmware Licenses: 
2024-10-01 08:32:30,200 [INFO] PluginManage:352 - Loaded plugin analytics (category:tool,tabindex:-1)
2024-10-01 08:32:30,200 [INFO] PluginManage:302 - Check plugin clock
2024-10-01 08:32:30,215 [INFO] PluginManage:352 - Loaded plugin clock (category:base,tabindex:2)
2024-10-01 08:32:30,215 [INFO] PluginManage:302 - Check plugin ddr
2024-10-01 08:32:30,217 [INFO] PluginManage:352 - Loaded plugin ddr (category:tool,tabindex:6)
2024-10-01 08:32:30,217 [INFO] PluginManage:302 - Check plugin filemanager
2024-10-01 08:32:30,301 [INFO] PluginManage:352 - Loaded plugin filemanager (category:base,tabindex:10)
2024-10-01 08:32:30,301 [INFO] PluginManage:302 - Check plugin ipmanager
2024-10-01 08:32:30,305 [INFO] PluginManage:352 - Loaded plugin ipmanager (category:base,tabindex:5)
2024-10-01 08:32:30,305 [INFO] PluginManage:302 - Check plugin pinoutandconfiguration
2024-10-01 08:32:30,317 [INFO] PluginManage:352 - Loaded plugin pinoutandconfiguration (category:base,tabindex:1)
2024-10-01 08:32:30,318 [INFO] PluginManage:302 - Check plugin pinoutconfig
2024-10-01 08:32:30,342 [INFO] PluginManage:352 - Loaded plugin pinoutconfig (category:base,tabindex:0)
2024-10-01 08:32:30,343 [INFO] PluginManage:302 - Check plugin power
2024-10-01 08:32:30,357 [INFO] PluginManage:352 - Loaded plugin power (category:power,tabindex:4)
2024-10-01 08:32:30,357 [INFO] PluginManage:302 - Check plugin projectmanager
2024-10-01 08:32:30,366 [INFO] PluginManage:352 - Loaded plugin projectmanager (category:projectmanager,tabindex:3)
2024-10-01 08:32:30,366 [INFO] PluginManage:302 - Check plugin thirdparty
2024-10-01 08:32:30,521 [WARN] IntegrityCheckThread:78 - waiting for thirdparty lock release [integrity check]
2024-10-01 08:32:30,522 [INFO] PluginManage:352 - Loaded plugin thirdparty (category:base,tabindex:-1)
2024-10-01 08:32:30,522 [INFO] IntegrityCheckThread:80 - entering critical section [integrity check]
2024-10-01 08:32:30,522 [INFO] PluginManage:302 - Check plugin tools
2024-10-01 08:32:30,522 [INFO] ThirdPartyUpdaterWithRetryManager:66 - Updater plugin not ready yet. [1/15]
2024-10-01 08:32:30,564 [INFO] PluginManage:352 - Loaded plugin tools (category:base,tabindex:7)
2024-10-01 08:32:30,564 [INFO] PluginManage:302 - Check plugin tutovideos
2024-10-01 08:32:30,727 [INFO] PluginManage:352 - Loaded plugin tutovideos (category:base,tabindex:-1)
2024-10-01 08:32:30,727 [INFO] PluginManage:302 - Check plugin updater
2024-10-01 08:32:30,738 [INFO] PluginManage:352 - Loaded plugin updater (category:base,tabindex:12)
2024-10-01 08:32:30,738 [INFO] PluginManage:275 - PluginManage : Loaded plugins [13]
2024-10-01 08:32:30,855 [INFO] PinOutPanel:1463 - setPackage(No Configuration,No Configuration)
2024-10-01 08:32:30,921 [INFO] IPUIPlugin:74 - create IPUIPlugin
2024-10-01 08:32:30,921 [INFO] PluginManager:213 - loadIPPluginJar : add adc
2024-10-01 08:32:30,952 [INFO] IPUIPlugin:74 - create IPUIPlugin
2024-10-01 08:32:30,952 [INFO] PluginManager:213 - loadIPPluginJar : add aes
2024-10-01 08:32:30,987 [INFO] IPUIPlugin:74 - create IPUIPlugin
2024-10-01 08:32:30,987 [INFO] PluginManager:213 - loadIPPluginJar : add can
2024-10-01 08:32:31,010 [INFO] IPUIPlugin:74 - create IPUIPlugin
2024-10-01 08:32:31,011 [INFO] PluginManager:213 - loadIPPluginJar : add comp
2024-10-01 08:32:31,042 [INFO] IPUIPlugin:74 - create IPUIPlugin
2024-10-01 08:32:31,042 [INFO] PluginManager:213 - loadIPPluginJar : add cryp
2024-10-01 08:32:31,069 [INFO] IPUIPlugin:74 - create IPUIPlugin
2024-10-01 08:32:31,069 [INFO] PluginManager:213 - loadIPPluginJar : add dfsdm
2024-10-01 08:32:31,081 [INFO] IPUIPlugin:74 - create IPUIPlugin
2024-10-01 08:32:31,081 [INFO] PluginManager:213 - loadIPPluginJar : add dma
2024-10-01 08:32:31,122 [INFO] IPUIPlugin:74 - create IPUIPlugin
2024-10-01 08:32:31,122 [INFO] PluginManager:213 - loadIPPluginJar : add dma3
2024-10-01 08:32:31,143 [INFO] IPUIPlugin:74 - create IPUIPlugin
2024-10-01 08:32:31,143 [INFO] PluginManager:213 - loadIPPluginJar : add fatfs
2024-10-01 08:32:31,188 [INFO] IPUIPlugin:74 - create IPUIPlugin
2024-10-01 08:32:31,188 [INFO] PluginManager:213 - loadIPPluginJar : add fmc
2024-10-01 08:32:31,199 [INFO] IPUIPlugin:74 - create IPUIPlugin
2024-10-01 08:32:31,199 [INFO] PluginManager:213 - loadIPPluginJar : add freertos
2024-10-01 08:32:31,222 [INFO] IPUIPlugin:74 - create IPUIPlugin
2024-10-01 08:32:31,222 [INFO] PluginManager:213 - loadIPPluginJar : add genericplugin
2024-10-01 08:32:31,294 [INFO] IPUIPlugin:74 - create IPUIPlugin
2024-10-01 08:32:31,294 [INFO] PluginManager:213 - loadIPPluginJar : add gfxmmu
2024-10-01 08:32:31,392 [INFO] IPUIPlugin:74 - create IPUIPlugin
2024-10-01 08:32:31,392 [INFO] PluginManager:213 - loadIPPluginJar : add gic
2024-10-01 08:32:31,402 [INFO] IPUIPlugin:74 - create IPUIPlugin
2024-10-01 08:32:31,403 [INFO] PluginManager:213 - loadIPPluginJar : add gpio
2024-10-01 08:32:31,461 [INFO] IPUIPlugin:74 - create IPUIPlugin
2024-10-01 08:32:31,461 [INFO] PluginManager:213 - loadIPPluginJar : add gtzc
2024-10-01 08:32:31,488 [INFO] IPUIPlugin:74 - create IPUIPlugin
2024-10-01 08:32:31,488 [INFO] PluginManager:213 - loadIPPluginJar : add hash
2024-10-01 08:32:31,533 [INFO] IPUIPlugin:74 - create IPUIPlugin
2024-10-01 08:32:31,534 [INFO] PluginManager:213 - loadIPPluginJar : add i2c
2024-10-01 08:32:31,568 [INFO] IPUIPlugin:74 - create IPUIPlugin
2024-10-01 08:32:31,568 [INFO] PluginManager:213 - loadIPPluginJar : add i2s
2024-10-01 08:32:31,578 [INFO] IPUIPlugin:74 - create IPUIPlugin
2024-10-01 08:32:31,578 [INFO] PluginManager:213 - loadIPPluginJar : add ipddr
2024-10-01 08:32:31,653 [INFO] IPUIPlugin:74 - create IPUIPlugin
2024-10-01 08:32:31,653 [INFO] PluginManager:213 - loadIPPluginJar : add linkedlist
2024-10-01 08:32:31,688 [INFO] IPUIPlugin:74 - create IPUIPlugin
2024-10-01 08:32:31,688 [INFO] PluginManager:213 - loadIPPluginJar : add lorawan
2024-10-01 08:32:31,722 [INFO] IPUIPlugin:74 - create IPUIPlugin
2024-10-01 08:32:31,722 [INFO] PluginManager:213 - loadIPPluginJar : add ltdc
2024-10-01 08:32:31,732 [INFO] IPUIPlugin:74 - create IPUIPlugin
2024-10-01 08:32:31,732 [INFO] PluginManager:213 - loadIPPluginJar : add mdma
2024-10-01 08:32:31,741 [INFO] IPUIPlugin:74 - create IPUIPlugin
2024-10-01 08:32:31,741 [INFO] PluginManager:213 - loadIPPluginJar : add nvic
2024-10-01 08:32:31,776 [INFO] IPUIPlugin:74 - create IPUIPlugin
2024-10-01 08:32:31,776 [INFO] PluginManager:213 - loadIPPluginJar : add opamp
2024-10-01 08:32:31,832 [INFO] IPUIPlugin:74 - create IPUIPlugin
2024-10-01 08:32:31,832 [INFO] PluginManager:213 - loadIPPluginJar : add openamp
2024-10-01 08:32:31,869 [INFO] IPUIPlugin:74 - create IPUIPlugin
2024-10-01 08:32:31,869 [INFO] PluginManager:213 - loadIPPluginJar : add pdm2pcm
2024-10-01 08:32:31,880 [INFO] IPUIPlugin:74 - create IPUIPlugin
2024-10-01 08:32:31,883 [INFO] PluginManager:213 - loadIPPluginJar : add plateformsettings
2024-10-01 08:32:31,905 [INFO] IPUIPlugin:74 - create IPUIPlugin
2024-10-01 08:32:31,906 [INFO] PluginManager:213 - loadIPPluginJar : add quadspi
2024-10-01 08:32:31,915 [INFO] IPUIPlugin:74 - create IPUIPlugin
2024-10-01 08:32:31,915 [INFO] PluginManager:213 - loadIPPluginJar : add resmgrutility
2024-10-01 08:32:31,957 [INFO] IPUIPlugin:74 - create IPUIPlugin
2024-10-01 08:32:31,957 [INFO] PluginManager:213 - loadIPPluginJar : add sai
2024-10-01 08:32:31,991 [INFO] IPUIPlugin:74 - create IPUIPlugin
2024-10-01 08:32:31,991 [INFO] PluginManager:213 - loadIPPluginJar : add spi
2024-10-01 08:32:32,037 [INFO] IPUIPlugin:74 - create IPUIPlugin
2024-10-01 08:32:32,037 [INFO] PluginManager:213 - loadIPPluginJar : add stm32_wpan
2024-10-01 08:32:32,061 [INFO] IPUIPlugin:74 - create IPUIPlugin
2024-10-01 08:32:32,061 [INFO] PluginManager:213 - loadIPPluginJar : add tim
2024-10-01 08:32:32,108 [INFO] IPUIPlugin:74 - create IPUIPlugin
2024-10-01 08:32:32,109 [INFO] PluginManager:213 - loadIPPluginJar : add touchsensing
2024-10-01 08:32:32,135 [INFO] IPUIPlugin:74 - create IPUIPlugin
2024-10-01 08:32:32,135 [INFO] PluginManager:213 - loadIPPluginJar : add tracer_emb
2024-10-01 08:32:32,159 [INFO] IPUIPlugin:74 - create IPUIPlugin
2024-10-01 08:32:32,159 [INFO] PluginManager:213 - loadIPPluginJar : add ts
2024-10-01 08:32:32,183 [INFO] IPUIPlugin:74 - create IPUIPlugin
2024-10-01 08:32:32,183 [INFO] PluginManager:213 - loadIPPluginJar : add tsc
2024-10-01 08:32:32,207 [INFO] IPUIPlugin:74 - create IPUIPlugin
2024-10-01 08:32:32,207 [INFO] PluginManager:213 - loadIPPluginJar : add ucpd
2024-10-01 08:32:32,256 [INFO] IPUIPlugin:74 - create IPUIPlugin
2024-10-01 08:32:32,257 [INFO] PluginManager:213 - loadIPPluginJar : add usart
2024-10-01 08:32:32,298 [INFO] IPUIPlugin:74 - create IPUIPlugin
2024-10-01 08:32:32,298 [INFO] PluginManager:213 - loadIPPluginJar : add usbx
2024-10-01 08:32:32,521 [FATAL] Updater:294 - Updater called before beeing initialized
2024-10-01 08:32:32,585 [FATAL] Updater:294 - Updater called before beeing initialized
2024-10-01 08:32:32,588 [INFO] DbMcusAds:47 - JSON generation date=Fri Sep 20 20:04:23 ICT 2024 (1726837463113)
2024-10-01 08:32:32,588 [FATAL] Updater:294 - Updater called before beeing initialized
2024-10-01 08:32:32,616 [WARN] DetailPanel:314 - Failed to get advertising image, set to default
2024-10-01 08:32:32,666 [FATAL] Updater:294 - Updater called before beeing initialized
2024-10-01 08:32:32,668 [FATAL] Updater:294 - Updater called before beeing initialized
2024-10-01 08:32:32,668 [FATAL] Updater:294 - Updater called before beeing initialized
2024-10-01 08:32:32,668 [WARN] DetailPanel:314 - Failed to get advertising image, set to default
2024-10-01 08:32:32,669 [FATAL] Updater:294 - Updater called before beeing initialized
2024-10-01 08:32:32,703 [ERROR] Updater:1075 - MainUpdater not yet initialized. External WinMGr cannot be set.
2024-10-01 08:32:32,710 [INFO] Updater:1012 - Updater Version found : 6.3.0
2024-10-01 08:32:32,724 [INFO] ApplicationProperties:181 - Using Application install path: C:\ST\STM32CubeIDE_1.7.0\STM32CubeIDE\plugins\com.st.stm32cube.common.mx_6.3.0.202107141111
2024-10-01 08:32:32,960 [INFO] MainUpdater:2671 - connection check result : 10
2024-10-01 08:32:32,960 [INFO] MainUpdater:265 - Updater Check For Update Now.
2024-10-01 08:32:32,960 [INFO] MicroXplorer:478 - Change Database Version : DB.6.0.30
2024-10-01 08:32:33,103 [INFO] CheckServerUpdateThread:112 - End of CheckServer Thread
2024-10-01 08:32:33,182 [INFO] MainUpdater:2671 - connection check result : 10
2024-10-01 08:32:33,444 [INFO] McuFinderGlobals:52 - Set McuFinderConnectedMode to false
2024-10-01 08:32:33,499 [INFO] CrossSelectorPresenter:1330 - Cross Selector saved comparison directory: C:\Users\PC\.stmcufinder\plugins\mcufinder\mcu\cs_comparisons_mx
2024-10-01 08:32:33,503 [INFO] MultiScanPanel:197 - Auto-refresh data requested => check proxy status ongoing
2024-10-01 08:32:33,503 [INFO] MultiScanPanel:201 - Proxy status is invalid
2024-10-01 08:32:33,506 [INFO] FinderPluginLoader:87 - Searching for filters in installed packs
2024-10-01 08:32:33,507 [INFO] DbMcusXml:100 - Load MCU database from C:\ST\STM32CubeIDE_1.7.0\STM32CubeIDE\plugins\com.st.stm32cube.common.mx_6.3.0.202107141111\\db\/mcu/families.xml
2024-10-01 08:32:33,597 [ERROR] Engine:463 - C:\Users\PC\.stm32cubemx\thirdparties\pdsc\STMicroelectronics.X-CUBE-SMBUS.2.1.0.pdsc: PDSC version is not supported
2024-10-01 08:32:33,641 [WARN] PackLoader:238 - Cannot read IP mode file for STMicroelectronics.X-CUBE-AZRTOS-F7.1.1.0
2024-10-01 08:32:33,657 [WARN] PackLoader:238 - Cannot read IP mode file for STMicroelectronics.X-CUBE-NFC10.1.0.0
2024-10-01 08:32:33,671 [ERROR] Engine:463 - C:\Users\PC\.stm32cubemx\thirdparties\pdsc\emotas.I-CUBE-CANOPEN.1.3.0.pdsc: PDSC version is not supported
2024-10-01 08:32:33,690 [INFO] LogOutputStream:76 - [STDOUT_REDIRECT] 1 : Invalid condition id : UX_CORESTACK_Condition cause : null
2024-10-01 08:32:33,691 [INFO] LogOutputStream:76 - [STDOUT_REDIRECT] 1 : Invalid condition id : UX_CORESTACK_Condition cause : null
2024-10-01 08:32:33,698 [INFO] LogOutputStream:76 - [STDOUT_REDIRECT] 1 : Invalid condition id : UX_CORESTACK_Condition cause : null
2024-10-01 08:32:33,699 [INFO] LogOutputStream:76 - [STDOUT_REDIRECT] 1 : Invalid condition id : UX_CORESTACK_Condition cause : null
2024-10-01 08:32:33,700 [INFO] LogOutputStream:76 - [STDOUT_REDIRECT] 1 : Invalid condition id : UX_CORESTACK_Condition cause : null
2024-10-01 08:32:33,702 [WARN] PackLoader:238 - Cannot read IP mode file for STMicroelectronics.X-CUBE-AZRTOS-WL.2.0.0
2024-10-01 08:32:33,712 [WARN] PackLoader:238 - Cannot read IP mode file for wolfSSL.I-CUBE-wolfMQTT.1.19.0
2024-10-01 08:32:33,723 [WARN] PackLoader:238 - Cannot read IP mode file for WES.I-CUBE-Cesium.1.3.0
2024-10-01 08:32:33,732 [WARN] PackLoader:238 - Cannot read IP mode file for STMicroelectronics.X-CUBE-NFC9.1.0.0
2024-10-01 08:32:33,749 [ERROR] Engine:463 - C:\Users\PC\.stm32cubemx\thirdparties\pdsc\STMicroelectronics.X-CUBE-TCPP.4.1.0.pdsc: PDSC version is not supported
2024-10-01 08:32:33,767 [WARN] PackLoader:238 - Cannot read IP mode file for STMicroelectronics.X-CUBE-AZRTOS-G0.1.1.0
2024-10-01 08:32:33,782 [WARN] PackLoader:238 - Cannot read IP mode file for STMicroelectronics.X-CUBE-SAFEA1.1.2.2
2024-10-01 08:32:33,792 [ERROR] Engine:463 - C:\Users\PC\.stm32cubemx\thirdparties\pdsc\EmbeddedOffice.I-CUBE-FS-RTOS.1.0.1.pdsc: PDSC version is not supported
2024-10-01 08:32:33,802 [ERROR] Engine:463 - C:\Users\PC\.stm32cubemx\thirdparties\pdsc\RealThread.X-CUBE-RT-Thread_Nano.4.1.1.pdsc: PDSC version is not supported
2024-10-01 08:32:33,815 [WARN] PackLoader:238 - Cannot read IP mode file for wolfSSL.I-CUBE-wolfSSL.5.7.2
2024-10-01 08:32:33,824 [ERROR] Engine:463 - C:\Users\PC\.stm32cubemx\thirdparties\pdsc\ITTIA_DB.I-CUBE-ITTIADB.8.9.0.pdsc: PDSC version is not supported
2024-10-01 08:32:33,863 [WARN] PackLoader:238 - Cannot read IP mode file for SEGGER.I-CUBE-embOS.1.3.1
2024-10-01 08:32:33,928 [WARN] PackLoader:238 - Cannot read IP mode file for STMicroelectronics.X-CUBE-ALGOBUILD.1.4.0
2024-10-01 08:32:33,941 [WARN] PackLoader:238 - Cannot read IP mode file for STMicroelectronics.X-CUBE-GNSS1.6.0.0
2024-10-01 08:32:33,975 [WARN] PackLoader:238 - Cannot read IP mode file for STMicroelectronics.X-CUBE-AZRTOS-F4.1.1.0
2024-10-01 08:32:33,987 [WARN] PackLoader:238 - Cannot read IP mode file for STMicroelectronics.X-CUBE-ISPU.2.1.0
2024-10-01 08:32:34,007 [WARN] PackLoader:238 - Cannot read IP mode file for STMicroelectronics.X-CUBE-AZRTOS-L5.2.0.0
2024-10-01 08:32:34,022 [WARN] PackLoader:238 - Cannot read IP mode file for STMicroelectronics.X-CUBE-NFC7.1.0.1
2024-10-01 08:32:34,048 [WARN] ConditionMgr:437 - getConditionDescription Invalid condition id : LAN8742 Phy interface Condition cause : null
2024-10-01 08:32:34,048 [WARN] PackLoader:238 - Cannot read IP mode file for STMicroelectronics.X-CUBE-AZRTOS-L4.2.0.0
2024-10-01 08:32:34,050 [WARN] ConditionMgr:1038 - genDependencies : Invalid condition id : LAN8742 Phy interface Condition cause : null
2024-10-01 08:32:34,050 [WARN] ConditionMgr:1038 - genDependencies : Invalid condition id : LAN8742 Phy interface Condition cause : null
2024-10-01 08:32:34,050 [WARN] ConditionMgr:1038 - genDependencies : Invalid condition id : LAN8742 Phy interface Condition cause : null
2024-10-01 08:32:34,065 [WARN] PackLoader:238 - Cannot read IP mode file for STMicroelectronics.X-CUBE-SFXS2LP1.4.0.0
2024-10-01 08:32:34,073 [INFO] DbMcusJson:93 - JSON generation date=Tue Nov 16 23:17:54 ICT 2021 (1637079474)
2024-10-01 08:32:34,087 [WARN] PackLoader:238 - Cannot read IP mode file for STMicroelectronics.X-CUBE-AZRTOS-H7.3.3.0
2024-10-01 08:32:34,107 [WARN] ConditionMgr:437 - getConditionDescription Invalid condition id : UX DEVICE CLASS RTOS Condition cause : null
2024-10-01 08:32:34,114 [WARN] ConditionMgr:437 - getConditionDescription Invalid condition id : UX DEVICE CLASS RTOS Condition cause : null
2024-10-01 08:32:34,117 [WARN] PackLoader:238 - Cannot read IP mode file for STMicroelectronics.X-CUBE-AZRTOS-WB.2.0.0
2024-10-01 08:32:34,118 [WARN] ConditionMgr:1038 - genDependencies : Invalid condition id : UX DEVICE CLASS RTOS Condition cause : null
2024-10-01 08:32:34,118 [WARN] ConditionMgr:1038 - genDependencies : Invalid condition id : UX DEVICE CLASS RTOS Condition cause : null
2024-10-01 08:32:34,119 [WARN] ConditionMgr:1038 - genDependencies : Invalid condition id : UX DEVICE CLASS RTOS Condition cause : null
2024-10-01 08:32:34,119 [WARN] ConditionMgr:1038 - genDependencies : Invalid condition id : UX DEVICE CLASS RTOS Condition cause : null
2024-10-01 08:32:34,119 [WARN] ConditionMgr:1038 - genDependencies : Invalid condition id : UX DEVICE CLASS RTOS Condition cause : null
2024-10-01 08:32:34,131 [WARN] PackLoader:238 - Cannot read IP mode file for STMicroelectronics.X-CUBE-GNSS1.7.0.0
2024-10-01 08:32:34,151 [WARN] PackLoader:238 - Cannot read IP mode file for STMicroelectronics.X-CUBE-SUBG2.5.0.0
2024-10-01 08:32:34,169 [ERROR] Engine:463 - C:\Users\PC\.stm32cubemx\thirdparties\pdsc\Cesanta.I-CUBE-Mongoose.7.13.0.pdsc: PDSC version is not supported
2024-10-01 08:32:34,203 [WARN] PackLoader:238 - Cannot read IP mode file for STMicroelectronics.X-CUBE-AZRTOS-G4.2.0.0
2024-10-01 08:32:34,217 [WARN] PackLoader:238 - Cannot read IP mode file for STMicroelectronics.X-CUBE-ISPU.2.0.0
2024-10-01 08:32:34,227 [WARN] PackLoader:238 - Cannot read IP mode file for STMicroelectronics.X-CUBE-TOUCHGFX.4.24.0
2024-10-01 08:32:34,236 [WARN] PackLoader:238 - Cannot read IP mode file for STMicroelectronics.X-CUBE-TOUCHGFX.4.24.1
2024-10-01 08:32:34,246 [WARN] PackLoader:238 - Cannot read IP mode file for wolfSSL.I-CUBE-wolfTPM.3.4.0
2024-10-01 08:32:34,263 [WARN] PackLoader:238 - Cannot read IP mode file for portGmbH.I-Cube-SoM-uGOAL.1.1.0
2024-10-01 08:32:34,287 [WARN] PackLoader:238 - Cannot read IP mode file for STMicroelectronics.X-CUBE-AZRTOS-H7RS.1.0.0
2024-10-01 08:32:34,299 [ERROR] Engine:463 - C:\Users\PC\.stm32cubemx\thirdparties\pdsc\STMicroelectronics.X-CUBE-TOF1.3.4.2.pdsc: PDSC version is not supported
2024-10-01 08:32:34,318 [ERROR] Engine:463 - C:\Users\PC\.stm32cubemx\thirdparties\pdsc\Infineon.AIROC-Wi-Fi-Bluetooth-STM32.1.6.1.pdsc: PDSC version is not supported
2024-10-01 08:32:34,325 [WARN] PackLoader:238 - Cannot read IP mode file for wolfSSL.I-CUBE-wolfSSH.1.4.17
2024-10-01 08:32:34,325 [INFO] ThirdParty:915 - Integrity check success = true
2024-10-01 08:32:34,325 [INFO] IntegrityCheckThread:94 - exiting critical section [integrity check]
2024-10-01 08:32:34,325 [INFO] IntegrityCheckThread:97 - End integrity checks thread
2024-10-01 08:32:34,550 [INFO] DbMcus:175 - Found 1951 MCUs (1903 are supported by CubeMX, 1914 are visible in CubeMX)
2024-10-01 08:32:34,550 [INFO] ApiDb:251 - Load user favorites file C:\Users\PC/.stm32cubeide/favorites.mcus.txt: 0 item(s)
2024-10-01 08:32:34,550 [INFO] ApiDb:255 - User favorites MCUs=[]
2024-10-01 08:32:34,550 [INFO] DbMcus:187 - Set 0 / 0 favorites MCUs
2024-10-01 08:32:34,943 [INFO] DetailPanel:309 - Set advertising image to C:/Users/PC/STM32Cube/Repository/\en.prom-stm32c071-usb-memories-mcu-finder.png
2024-10-01 08:32:35,249 [INFO] DbBoardsPdsc:90 - Found 25 items
2024-10-01 08:32:35,257 [INFO] DbBoardsPdsc:90 - Found 9 items
2024-10-01 08:32:35,265 [INFO] DbBoardsPdsc:90 - Found 33 items
2024-10-01 08:32:35,271 [INFO] DbBoardsPdsc:90 - Found 1 items
2024-10-01 08:32:35,283 [INFO] DbBoardsPdsc:90 - Found 48 items
2024-10-01 08:32:35,294 [INFO] DbBoardsPdsc:90 - Found 43 items
2024-10-01 08:32:35,301 [INFO] DbBoardsPdsc:90 - Found 2 items
2024-10-01 08:32:35,307 [INFO] DbBoardsPdsc:90 - Found 5 items
2024-10-01 08:32:35,309 [WARN] DbBoardsPdsc:254 - Board STM32H7B3I-DK: unknown feature type=Audio, name=, username=Audio stereo codec with Headphone Amp (CS42L51-CNZ), n=1
2024-10-01 08:32:35,309 [WARN] DbBoardsPdsc:254 - Board STM32H735G-DK: unknown feature type=Audio, name=, username=Audio stereo codec with Headphone Amp (WM8994ECS/R), n=1
2024-10-01 08:32:35,310 [WARN] DbBoardsPdsc:254 - Board STM32H7B3I-EVAL: unknown feature type=Audio, name=, username=Multi-Channel Audio Codec (CS42L51-CNZ), n=1
2024-10-01 08:32:35,310 [WARN] DbBoardsPdsc:254 - Board STM32H7B3I-EVAL: unknown feature type=Meter, name=, username=Power-metering and Temperature-monitoring with sigma-delta modulators, n=1
2024-10-01 08:32:35,310 [WARN] DbBoardsPdsc:254 - Board STM32H7B3I-EVAL: unknown feature type=Motor, name=, username=Motor Control, n=1
2024-10-01 08:32:35,311 [WARN] DbBoardsPdsc:254 - Board STM32U575I-EV: unknown feature type=joystick, name=, username=4-direction joystick with selection button, n=1
2024-10-01 08:32:35,342 [INFO] DbBoardsJson:86 - JSON generation date=Tue Nov 16 23:17:54 ICT 2021 (1637079474)
2024-10-01 08:32:35,346 [INFO] DbBoards:117 - Found 167 boards (163 are supported by CubeMX)
2024-10-01 08:32:35,356 [INFO] DbBoardsDocs:143 - JSON generation date=Tue Nov 16 23:17:54 ICT 2021 (1637079474)
2024-10-01 08:32:35,358 [INFO] DbBoardsDocs:79 - Found 209 boards documents
2024-10-01 08:32:35,359 [WARN] DbBoards:127 - board B-L475E-IOT01A2 has no document id list !
2024-10-01 08:32:35,360 [WARN] DbBoards:127 - board NUCLEO-H743ZI has no document id list !
2024-10-01 08:32:35,360 [WARN] DbBoards:127 - board NUCLEO-WL55JC2 has no document id list !
2024-10-01 08:32:35,360 [WARN] DbBoards:127 - board P-NUCLEO-WB55-Nucleo has no document id list !
2024-10-01 08:32:35,360 [WARN] DbBoards:127 - board P-NUCLEO-WB55-USBDongle has no document id list !
2024-10-01 08:32:35,360 [WARN] DbBoards:127 - board STEVAL-BFA001V1B has no document id list !
2024-10-01 08:32:35,360 [WARN] DbBoards:127 - board STEVAL-BFA001V2B has no document id list !
2024-10-01 08:32:35,360 [WARN] DbBoards:127 - board STEVAL-IDP005V1 has no document id list !
2024-10-01 08:32:35,360 [WARN] DbBoards:127 - board STEVAL-IDP005V2 has no document id list !
2024-10-01 08:32:35,360 [WARN] DbBoards:127 - board STEVAL-MKSBOX1V1 has no document id list !
2024-10-01 08:32:35,360 [WARN] DbBoards:127 - board STEVAL-STWINKT1 has no document id list !
2024-10-01 08:32:35,360 [WARN] DbBoards:127 - board STEVAL-STWINKT1B has no document id list !
2024-10-01 08:32:35,360 [WARN] DbBoards:127 - board STM32439I-EVAL2 has no document id list !
2024-10-01 08:32:35,361 [WARN] DbBoards:127 - board STM32F401C-DISCO has no document id list !
2024-10-01 08:32:35,361 [WARN] DbBoards:127 - board STM32F769I-DISC1 has no document id list !
2024-10-01 08:32:35,361 [WARN] DbBoards:127 - board STM32G474E-EVAL1 has no document id list !
2024-10-01 08:32:35,361 [WARN] DbBoards:127 - board STM32H743I-EVAL2 has no document id list !
2024-10-01 08:32:35,361 [WARN] DbBoards:127 - board STM32H747I-DISC1 has no document id list !
2024-10-01 08:32:35,362 [WARN] DbBoards:127 - board STM32H753I-EVAL2 has no document id list !
2024-10-01 08:32:35,362 [WARN] DbBoards:127 - board STM32L-DISCOVERY has no document id list !
2024-10-01 08:32:35,433 [ERROR] DbBoards:189 - Image file not found for board B-U585I-IOT02A: C:\ST\STM32CubeIDE_1.7.0\STM32CubeIDE\plugins\com.st.stm32cube.common.mx_6.3.0.202107141111\\db\/plugins/mcufinder/images/boards/B-U585I-IOT02A_small.jpg
2024-10-01 08:32:35,487 [ERROR] DbBoards:189 - Image file not found for board NUCLEO-F413ZH: C:\ST\STM32CubeIDE_1.7.0\STM32CubeIDE\plugins\com.st.stm32cube.common.mx_6.3.0.202107141111\\db\/plugins/mcufinder/images/boards/nucleo-f413zh_small.jpg
2024-10-01 08:32:35,591 [ERROR] DbBoards:189 - Image file not found for board NUCLEO-L552ZE-Q: C:\ST\STM32CubeIDE_1.7.0\STM32CubeIDE\plugins\com.st.stm32cube.common.mx_6.3.0.202107141111\\db\/plugins/mcufinder/images/boards/nucleo_l552ze_q_small.jpg
2024-10-01 08:32:35,591 [ERROR] DbBoards:189 - Image file not found for board NUCLEO-U575ZI-Q: C:\ST\STM32CubeIDE_1.7.0\STM32CubeIDE\plugins\com.st.stm32cube.common.mx_6.3.0.202107141111\\db\/plugins/mcufinder/images/boards/nucleo-u575zi-q_small.jpg
2024-10-01 08:32:35,591 [ERROR] DbBoards:189 - Image file not found for board NUCLEO-WB15CC: C:\ST\STM32CubeIDE_1.7.0\STM32CubeIDE\plugins\com.st.stm32cube.common.mx_6.3.0.202107141111\\db\/plugins/mcufinder/images/boards/nucleo-wb15cc_small.jpg
2024-10-01 08:32:35,591 [ERROR] DbBoards:189 - Image file not found for board NUCLEO-WB55RG: C:\ST\STM32CubeIDE_1.7.0\STM32CubeIDE\plugins\com.st.stm32cube.common.mx_6.3.0.202107141111\\db\/plugins/mcufinder/images/boards/nucleo-wb55rg_small.jpg
2024-10-01 08:32:36,240 [INFO] ApiDb:251 - Load user favorites file C:\Users\PC/.stm32cubeide/favorites.boards.txt: 0 item(s)
2024-10-01 08:32:36,240 [INFO] ApiDb:255 - User favorites Boards=[]
2024-10-01 08:32:36,240 [INFO] DbBoards:206 - Set 0 / 0 favorites Boards
2024-10-01 08:32:47,587 [INFO] DbMcusDocs:143 - JSON generation date=Tue Nov 16 23:17:54 ICT 2021 (1637079474)
2024-10-01 08:32:47,748 [INFO] DbMcusDocs:79 - Found 682 MCUs documents
2024-10-01 08:32:59,254 [INFO] MainUpdater:2671 - connection check result : 10
2024-10-01 08:32:59,254 [INFO] MainUpdater:2671 - connection check result : 10
2024-10-01 08:32:59,285 [INFO] MicroXplorer:448 - Change Database Path : 
2024-10-01 08:32:59,285 [INFO] MicroXplorer:478 - Change Database Version : DB.6.0.30
2024-10-01 08:32:59,286 [WARN] ThirdParty:813 - waiting for thirdparty lock release [close project]
2024-10-01 08:32:59,286 [INFO] ThirdParty:815 - entering critical section [close project]
2024-10-01 08:32:59,286 [INFO] ThirdParty:825 - exiting critical section [close project]
2024-10-01 08:32:59,288 [INFO] PinOutPanel:1463 - setPackage(No Configuration,No Configuration)
2024-10-01 08:32:59,289 [INFO] UtilMem:74 - Begin LoadConfig() Used Memory: 313681096 Bytes (586153984)
2024-10-01 08:32:59,290 [INFO] MicroXplorer:448 - Change Database Path : 
2024-10-01 08:32:59,290 [INFO] MicroXplorer:478 - Change Database Version : DB.6.0.30
2024-10-01 08:32:59,290 [INFO] OpenFileManager:313 - Change cursor
2024-10-01 08:32:59,825 [INFO] Context:592 - Trying to add GPIOservice into a context  which must be forbidden
2024-10-01 08:32:59,943 [INFO] ImportTextPane:167 - (OptionalMessage_ERROR) Unable to find key (Mcu.ThirdPartyNb) in loaded IOC file
2024-10-01 08:32:59,943 [INFO] ImportTextPane:167 - (OptionalMessage_ERROR) Unable to find key (Mcu.PinsNb) in loaded IOC file
2024-10-01 08:32:59,943 [INFO] ImportTextPane:167 - (OptionalMessage_ERROR) Unable to find key (Mcu.IPNb) in loaded IOC file
2024-10-01 08:32:59,968 [WARN] ApiManager:304 - Cannot register API 'Board Extension:NFC09A1' from pack STMicroelectronics.X-CUBE-NFC9.1.0.0: no header file found
2024-10-01 08:32:59,969 [WARN] ApiManager:304 - Cannot register API 'Board Extension:GNSS1A1' from pack STMicroelectronics.X-CUBE-GNSS1.6.0.0: no header file found
2024-10-01 08:32:59,970 [WARN] ApiManager:304 - Cannot register API 'Board Support:Custom' from pack STMicroelectronics.X-CUBE-GNSS1.6.0.0: no header file found
2024-10-01 08:32:59,970 [WARN] ApiManager:304 - Cannot register API 'Data Exchange:lib_gnss' from pack STMicroelectronics.X-CUBE-GNSS1.6.0.0: no header file found
2024-10-01 08:32:59,972 [WARN] ApiManager:304 - Cannot register API 'Board Extension:NFC10A1' from pack STMicroelectronics.X-CUBE-NFC10.1.0.0: no header file found
2024-10-01 08:32:59,975 [WARN] ModelIntegratedComponent:60 - No mode defined for component null
2024-10-01 08:32:59,975 [WARN] ModelIntegratedComponent:60 - No mode defined for component null
2024-10-01 08:32:59,975 [WARN] ModelIntegratedComponent:60 - No mode defined for component null
2024-10-01 08:32:59,975 [WARN] ModelIntegratedComponent:60 - No mode defined for component null
2024-10-01 08:32:59,975 [WARN] ModelIntegratedComponent:60 - No mode defined for component null
2024-10-01 08:32:59,975 [WARN] ModelIntegratedComponent:60 - No mode defined for component null
2024-10-01 08:32:59,975 [WARN] ModelIntegratedComponent:60 - No mode defined for component null
2024-10-01 08:32:59,975 [WARN] ModelIntegratedComponent:60 - No mode defined for component null
2024-10-01 08:32:59,975 [WARN] ModelIntegratedComponent:60 - No mode defined for component null
2024-10-01 08:32:59,975 [WARN] ModelIntegratedComponent:60 - No mode defined for component null
2024-10-01 08:32:59,975 [WARN] ModelIntegratedComponent:60 - No mode defined for component null
2024-10-01 08:32:59,975 [WARN] ModelIntegratedComponent:60 - No mode defined for component null
2024-10-01 08:32:59,975 [WARN] ModelIntegratedComponent:60 - No mode defined for component null
2024-10-01 08:32:59,975 [WARN] ModelIntegratedComponent:60 - No mode defined for component null
2024-10-01 08:32:59,975 [WARN] ModelIntegratedComponent:60 - No mode defined for component null
2024-10-01 08:32:59,975 [WARN] ModelIntegratedComponent:60 - No mode defined for component null
2024-10-01 08:32:59,975 [WARN] ModelIntegratedComponent:60 - No mode defined for component null
2024-10-01 08:32:59,975 [WARN] ModelIntegratedComponent:60 - No mode defined for component null
2024-10-01 08:32:59,975 [WARN] ModelIntegratedComponent:60 - No mode defined for component null
2024-10-01 08:32:59,975 [WARN] ModelIntegratedComponent:60 - No mode defined for component null
2024-10-01 08:32:59,976 [WARN] ModelIntegratedComponent:60 - No mode defined for component null
2024-10-01 08:32:59,976 [WARN] ModelIntegratedComponent:60 - No mode defined for component null
2024-10-01 08:32:59,976 [WARN] ModelIntegratedComponent:60 - No mode defined for component null
2024-10-01 08:32:59,976 [WARN] ModelIntegratedComponent:60 - No mode defined for component null
2024-10-01 08:32:59,976 [WARN] ModelIntegratedComponent:60 - No mode defined for component null
2024-10-01 08:32:59,976 [WARN] ModelIntegratedComponent:60 - No mode defined for component null
2024-10-01 08:32:59,976 [WARN] ModelIntegratedComponent:60 - No mode defined for component null
2024-10-01 08:32:59,976 [WARN] ModelIntegratedComponent:60 - No mode defined for component null
2024-10-01 08:32:59,976 [WARN] ModelIntegratedComponent:60 - No mode defined for component null
2024-10-01 08:32:59,976 [WARN] ModelIntegratedComponent:60 - No mode defined for component null
2024-10-01 08:32:59,976 [WARN] ModelIntegratedComponent:60 - No mode defined for component null
2024-10-01 08:32:59,978 [WARN] ApiManager:304 - Cannot register API 'Board Extension:NFC07A1' from pack STMicroelectronics.X-CUBE-NFC7.1.0.1: no header file found
2024-10-01 08:32:59,978 [WARN] ApiManager:304 - Cannot register API 'Board Extension:GNSS1A1' from pack STMicroelectronics.X-CUBE-GNSS1.7.0.0: no header file found
2024-10-01 08:32:59,979 [WARN] ApiManager:304 - Cannot register API 'Board Support:Custom' from pack STMicroelectronics.X-CUBE-GNSS1.7.0.0: no header file found
2024-10-01 08:32:59,979 [WARN] ApiManager:304 - Cannot register API 'Data Exchange:lib_gnss' from pack STMicroelectronics.X-CUBE-GNSS1.7.0.0: no header file found
2024-10-01 08:32:59,985 [INFO] RtosManager:484 - Registered RTOS mode: class=CMSIS, group=RTOS, mode=CMSIS_V1, owner=FREERTOS
2024-10-01 08:32:59,986 [INFO] RtosManager:484 - Registered RTOS mode: class=CMSIS, group=RTOS2, mode=CMSIS_V2, owner=FREERTOS
2024-10-01 08:32:59,986 [INFO] RtosManager:484 - Registered RTOS mode: class=RTOS, group=Core, mode=CMSIS_V1, owner=FREERTOS
2024-10-01 08:32:59,986 [INFO] RtosManager:484 - Registered RTOS mode: class=RTOS, group=Core, mode=CMSIS_V2, owner=FREERTOS
2024-10-01 08:32:59,986 [WARN] ModelIntegratedComponent:181 - Missing modes for component STMicroelectronics:FreeRTOS:0.0.1:STMicroelectronics:RTOS:FreeRTOS:Core:::10.2.0:
2024-10-01 08:32:59,987 [WARN] ApiManager:304 - Cannot register API 'Board Extension:STSAFEA1' from pack STMicroelectronics.X-CUBE-SAFEA1.1.2.2: no header file found
2024-10-01 08:32:59,987 [WARN] ApiManager:304 - Cannot register API 'Board Part:STSAFEA110' from pack STMicroelectronics.X-CUBE-SAFEA1.1.2.2: no header file found
2024-10-01 08:32:59,987 [WARN] ApiManager:304 - Cannot register API 'Security:ST_Cryptolib' from pack STMicroelectronics.X-CUBE-SAFEA1.1.2.2: no header file found
2024-10-01 08:32:59,987 [WARN] ApiManager:304 - Cannot register API 'Security:MbedTLS' from pack STMicroelectronics.X-CUBE-SAFEA1.1.2.2: no header file found
2024-10-01 08:32:59,989 [WARN] ApiManager:304 - Cannot register API 'Board Extension:S2868A1' from pack STMicroelectronics.X-CUBE-SUBG2.5.0.0: no header file found
2024-10-01 08:32:59,989 [WARN] ApiManager:304 - Cannot register API 'Board Extension:S2868A2' from pack STMicroelectronics.X-CUBE-SUBG2.5.0.0: no header file found
2024-10-01 08:32:59,989 [WARN] ApiManager:304 - Cannot register API 'Board Extension:S2915A1' from pack STMicroelectronics.X-CUBE-SUBG2.5.0.0: no header file found
2024-10-01 08:32:59,992 [WARN] ApiManager:304 - Cannot register API 'Board Extension:S2868A1' from pack STMicroelectronics.X-CUBE-SFXS2LP1.4.0.0: no header file found
2024-10-01 08:32:59,992 [WARN] ApiManager:304 - Cannot register API 'Board Extension:S2868A2' from pack STMicroelectronics.X-CUBE-SFXS2LP1.4.0.0: no header file found
2024-10-01 08:32:59,992 [WARN] ApiManager:304 - Cannot register API 'Board Extension:S2915A1' from pack STMicroelectronics.X-CUBE-SFXS2LP1.4.0.0: no header file found
2024-10-01 08:33:00,307 [INFO] UtilMem:74 - End LoadConfig() Used Memory: 325869992 Bytes (586153984)
2024-10-01 08:33:00,313 [WARN] ThirdParty:779 - waiting for thirdparty lock release [change project]
2024-10-01 08:33:00,313 [INFO] ThirdParty:781 - entering critical section [change project]
2024-10-01 08:33:00,313 [INFO] ThirdParty:967 - CMSIS Pack Vendor :STMicroelectronics X-CUBE-AZRTOS-H7 3.3.0
2024-10-01 08:33:00,313 [INFO] ThirdParty:967 - CMSIS Pack Vendor :STMicroelectronics X-CUBE-NFC9 1.0.0
2024-10-01 08:33:00,313 [INFO] ThirdParty:967 - CMSIS Pack Vendor :STMicroelectronics X-CUBE-GNSS1 6.0.0
2024-10-01 08:33:00,313 [INFO] ThirdParty:967 - CMSIS Pack Vendor :STMicroelectronics USB_HOST 2.0.0
2024-10-01 08:33:00,313 [INFO] ThirdParty:967 - CMSIS Pack Vendor :STMicroelectronics X-CUBE-AZRTOS-F4 1.1.0
2024-10-01 08:33:00,313 [INFO] ThirdParty:967 - CMSIS Pack Vendor :STMicroelectronics X-CUBE-NFC10 1.0.0
2024-10-01 08:33:00,313 [INFO] ThirdParty:967 - CMSIS Pack Vendor :wolfSSL I-CUBE-wolfSSL 5.7.2
2024-10-01 08:33:00,313 [INFO] ThirdParty:967 - CMSIS Pack Vendor :STMicroelectronics X-CUBE-ISPU 2.0.0
2024-10-01 08:33:00,313 [INFO] ThirdParty:967 - CMSIS Pack Vendor :STMicroelectronics USB_DEVICE 3.0.0
2024-10-01 08:33:00,313 [INFO] ThirdParty:967 - CMSIS Pack Vendor :STMicroelectronics X-CUBE-ISPU 2.1.0
2024-10-01 08:33:00,313 [INFO] ThirdParty:967 - CMSIS Pack Vendor :STMicroelectronics HAL Drivers 0.0.0
2024-10-01 08:33:00,313 [INFO] ThirdParty:967 - CMSIS Pack Vendor :STMicroelectronics MBEDTLS 2.16.2
2024-10-01 08:33:00,313 [INFO] ThirdParty:967 - CMSIS Pack Vendor :STMicroelectronics X-CUBE-AZRTOS-WB 2.0.0
2024-10-01 08:33:00,313 [INFO] ThirdParty:967 - CMSIS Pack Vendor :STMicroelectronics X-CUBE-NFC7 1.0.1
2024-10-01 08:33:00,313 [INFO] ThirdParty:967 - CMSIS Pack Vendor :STMicroelectronics X-CUBE-GNSS1 7.0.0
2024-10-01 08:33:00,313 [INFO] ThirdParty:967 - CMSIS Pack Vendor :STMicroelectronics MBEDTLS 2.14.1
2024-10-01 08:33:00,313 [INFO] ThirdParty:967 - CMSIS Pack Vendor :STMicroelectronics X-CUBE-TOUCHGFX 4.24.0
2024-10-01 08:33:00,313 [INFO] ThirdParty:967 - CMSIS Pack Vendor :STMicroelectronics X-CUBE-AZRTOS-F7 1.1.0
2024-10-01 08:33:00,313 [INFO] ThirdParty:967 - CMSIS Pack Vendor :STMicroelectronics X-CUBE-AZRTOS-L5 2.0.0
2024-10-01 08:33:00,313 [INFO] ThirdParty:967 - CMSIS Pack Vendor :STMicroelectronics X-CUBE-TOUCHGFX 4.24.1
2024-10-01 08:33:00,313 [INFO] ThirdParty:967 - CMSIS Pack Vendor :wolfSSL I-CUBE-wolfTPM 3.4.0
2024-10-01 08:33:00,313 [INFO] ThirdParty:967 - CMSIS Pack Vendor :portGmbH I-Cube-SoM-uGOAL 1.1.0
2024-10-01 08:33:00,313 [INFO] ThirdParty:967 - CMSIS Pack Vendor :STMicroelectronics USB_DEVICE 2.0.0
2024-10-01 08:33:00,313 [INFO] ThirdParty:967 - CMSIS Pack Vendor :STMicroelectronics X-CUBE-AZRTOS-WL 2.0.0
2024-10-01 08:33:00,313 [INFO] ThirdParty:967 - CMSIS Pack Vendor :SEGGER I-CUBE-embOS 1.3.1
2024-10-01 08:33:00,314 [INFO] ThirdParty:967 - CMSIS Pack Vendor :STMicroelectronics X-CUBE-ALGOBUILD 1.4.0
2024-10-01 08:33:00,314 [INFO] ThirdParty:967 - CMSIS Pack Vendor :STMicroelectronics FreeRTOS 0.0.1
2024-10-01 08:33:00,314 [INFO] ThirdParty:967 - CMSIS Pack Vendor :STMicroelectronics X-CUBE-AZRTOS-G0 1.1.0
2024-10-01 08:33:00,314 [INFO] ThirdParty:967 - CMSIS Pack Vendor :STMicroelectronics USB_DEVICE 1.0.0
2024-10-01 08:33:00,314 [INFO] ThirdParty:967 - CMSIS Pack Vendor :STMicroelectronics X-CUBE-SAFEA1 1.2.2
2024-10-01 08:33:00,314 [INFO] ThirdParty:967 - CMSIS Pack Vendor :STMicroelectronics X-CUBE-SUBG2 5.0.0
2024-10-01 08:33:00,314 [INFO] ThirdParty:967 - CMSIS Pack Vendor :STMicroelectronics X-CUBE-AZRTOS-H7RS 1.0.0
2024-10-01 08:33:00,314 [INFO] ThirdParty:967 - CMSIS Pack Vendor :wolfSSL I-CUBE-wolfMQTT 1.19.0
2024-10-01 08:33:00,314 [INFO] ThirdParty:967 - CMSIS Pack Vendor :STMicroelectronics X-CUBE-AZRTOS-L4 2.0.0
2024-10-01 08:33:00,314 [INFO] ThirdParty:967 - CMSIS Pack Vendor :STMicroelectronics ThreadX 0.0.2
2024-10-01 08:33:00,314 [INFO] ThirdParty:967 - CMSIS Pack Vendor :WES I-CUBE-Cesium 1.3.0
2024-10-01 08:33:00,314 [INFO] ThirdParty:967 - CMSIS Pack Vendor :STMicroelectronics lwIP 2.0.3
2024-10-01 08:33:00,314 [INFO] ThirdParty:967 - CMSIS Pack Vendor :STMicroelectronics lwIP 2.1.2
2024-10-01 08:33:00,314 [INFO] ThirdParty:967 - CMSIS Pack Vendor :STMicroelectronics X-CUBE-SFXS2LP1 4.0.0
2024-10-01 08:33:00,314 [INFO] ThirdParty:967 - CMSIS Pack Vendor :STMicroelectronics USB_HOST 1.0.0
2024-10-01 08:33:00,314 [INFO] ThirdParty:967 - CMSIS Pack Vendor :STMicroelectronics X-CUBE-AZRTOS-G4 2.0.0
2024-10-01 08:33:00,314 [INFO] ThirdParty:967 - CMSIS Pack Vendor :STMicroelectronics PDM2PCM 3.1.0
2024-10-01 08:33:00,314 [INFO] ThirdParty:967 - CMSIS Pack Vendor :STMicroelectronics PDM2PCM 3.2.0
2024-10-01 08:33:00,314 [INFO] ThirdParty:967 - CMSIS Pack Vendor :wolfSSL I-CUBE-wolfSSH 1.4.17
2024-10-01 08:33:00,314 [INFO] ThirdParty:967 - CMSIS Pack Vendor :STMicroelectronics PDM2PCM 3.3.0
2024-10-01 08:33:00,315 [INFO] ThirdParty:787 - exiting critical section [change project]
2024-10-01 08:33:00,446 [INFO] PinOutPanel:1463 - setPackage(No Configuration,No Configuration)
2024-10-01 08:33:00,448 [INFO] PinOutPanel:1463 - setPackage(STM32F103C6Ux,UFQFPN48)
2024-10-01 08:33:00,667 [INFO] UtilMem:74 - Before build in PCC Used Memory: 365318144 Bytes (586153984)
2024-10-01 08:33:01,045 [INFO] UtilMem:74 - After build in PCC Used Memory: 384961376 Bytes (586153984)
2024-10-01 08:33:01,059 [INFO] IPUIPlugin:74 - create IPUIPlugin
2024-10-01 08:33:01,059 [INFO] IPUIPlugin:74 - create IPUIPlugin
2024-10-01 08:33:01,059 [INFO] IPUIPlugin:74 - create IPUIPlugin
2024-10-01 08:33:01,059 [INFO] IPUIPlugin:74 - create IPUIPlugin
2024-10-01 08:33:01,059 [INFO] IPUIPlugin:74 - create IPUIPlugin
2024-10-01 08:33:01,059 [INFO] IPUIPlugin:74 - create IPUIPlugin
2024-10-01 08:33:01,059 [INFO] IPUIPlugin:74 - create IPUIPlugin
2024-10-01 08:33:01,059 [INFO] IPUIPlugin:74 - create IPUIPlugin
2024-10-01 08:33:01,060 [INFO] IPUIPlugin:74 - create IPUIPlugin
2024-10-01 08:33:01,060 [INFO] IPUIPlugin:74 - create IPUIPlugin
2024-10-01 08:33:01,060 [INFO] IPUIPlugin:74 - create IPUIPlugin
2024-10-01 08:33:01,060 [INFO] IPUIPlugin:74 - create IPUIPlugin
2024-10-01 08:33:01,060 [INFO] IPUIPlugin:74 - create IPUIPlugin
2024-10-01 08:33:01,060 [INFO] IPUIPlugin:74 - create IPUIPlugin
2024-10-01 08:33:01,060 [INFO] IPUIPlugin:74 - create IPUIPlugin
2024-10-01 08:33:01,060 [INFO] IPUIPlugin:74 - create IPUIPlugin
2024-10-01 08:33:01,060 [INFO] IPUIPlugin:74 - create IPUIPlugin
2024-10-01 08:33:01,061 [INFO] IPUIPlugin:74 - create IPUIPlugin
2024-10-01 08:33:01,061 [INFO] IPUIPlugin:74 - create IPUIPlugin
2024-10-01 08:33:01,061 [INFO] IPUIPlugin:74 - create IPUIPlugin
2024-10-01 08:33:01,061 [INFO] IPUIPlugin:74 - create IPUIPlugin
2024-10-01 08:33:01,061 [INFO] IPUIPlugin:74 - create IPUIPlugin
2024-10-01 08:33:01,062 [INFO] IPUIPlugin:74 - create IPUIPlugin
2024-10-01 08:33:01,133 [INFO] OpenFileManager:333 - Restore cursor
2024-10-01 08:33:01,282 [INFO] UtilMem:74 - End SaveConfig() Used Memory: 449973088 Bytes (586153984)
2024-10-01 08:33:01,302 [INFO] UtilMem:74 - End SaveConfig() Used Memory: 462562208 Bytes (586153984)
2024-10-01 08:33:01,452 [INFO] BlockDiagram:2740 - set Specific Code input for plugin: NVIC
2024-10-01 08:33:01,453 [INFO] BlockDiagram:2740 - set Specific Code input for plugin: SYS
2024-10-01 08:33:01,453 [INFO] BlockDiagram:2740 - set Specific Code input for plugin: RCC
2024-10-01 08:33:01,453 [INFO] CodeGenerator:663 - code generatio: config db path: C:\ST\STM32CubeIDE_1.7.0\STM32CubeIDE\plugins\com.st.stm32cube.common.mx_6.3.0.202107141111\\db\
2024-10-01 08:33:01,606 [INFO] CodeEngine:239 - oldGeneratedFile, D:\VXL_2\Exercise\MXTmpFiles\license.tmp_save
2024-10-01 08:33:01,794 [INFO] CodeEngine:257 - Generated code: D:\VXL_2\Exercise\MXTmpFiles\license.tmp
2024-10-01 08:33:01,866 [INFO] CodeEngine:239 - oldGeneratedFile, D:\VXL_2\Exercise\Core\Src\stm32f1xx_it.c_save
2024-10-01 08:33:01,954 [INFO] CodeEngine:257 - Generated code: D:\VXL_2\Exercise\Core\Src\stm32f1xx_it.c
2024-10-01 08:33:01,960 [INFO] CodeEngine:239 - oldGeneratedFile, D:\VXL_2\Exercise\Core\Inc\stm32f1xx_it.h_save
2024-10-01 08:33:02,005 [INFO] CodeEngine:257 - Generated code: D:\VXL_2\Exercise\Core\Inc\stm32f1xx_it.h
2024-10-01 08:33:02,015 [INFO] CodeEngine:239 - oldGeneratedFile, D:\VXL_2\Exercise\Core\Src\stm32f1xx_hal_msp.c_save
2024-10-01 08:33:02,082 [INFO] CodeEngine:257 - Generated code: D:\VXL_2\Exercise\Core\Src\stm32f1xx_hal_msp.c
2024-10-01 08:33:02,088 [INFO] CodeEngine:239 - oldGeneratedFile, D:\VXL_2\Exercise\MXTmpFiles\system.tmp_save
2024-10-01 08:33:02,124 [INFO] CodeEngine:257 - Generated code: D:\VXL_2\Exercise\MXTmpFiles\system.tmp
2024-10-01 08:33:02,131 [INFO] CodeEngine:239 - oldGeneratedFile, D:\VXL_2\Exercise\Core\Inc\stm32f1xx_hal_conf.h_save
2024-10-01 08:33:02,189 [INFO] CodeEngine:257 - Generated code: D:\VXL_2\Exercise\Core\Inc\stm32f1xx_hal_conf.h
2024-10-01 08:33:02,217 [INFO] CodeEngine:239 - oldGeneratedFile, D:\VXL_2\Exercise\Core\Inc\main.h_save
2024-10-01 08:33:02,267 [INFO] CodeEngine:257 - Generated code: D:\VXL_2\Exercise\Core\Inc\main.h
2024-10-01 08:33:02,272 [INFO] CodeEngine:239 - oldGeneratedFile, D:\VXL_2\Exercise\Core\Src\main.c_save
2024-10-01 08:33:02,335 [INFO] CodeEngine:257 - Generated code: D:\VXL_2\Exercise\Core\Src\main.c
2024-10-01 08:33:02,744 [INFO] ProjectBuilder:2578 - Time for Copy HAL[1] : 38mS.
2024-10-01 08:33:02,748 [INFO] ProjectBuilder:3622 - Project Generator version: 3.14.1
2024-10-01 08:33:03,003 [INFO] ConfigFileManager:1271 - The Die is : DIE412
2024-10-01 08:33:03,018 [INFO] ApiDbMcu:468 - Load IP Config File for FATFS
2024-10-01 08:33:03,040 [INFO] ApiDbMcu:468 - Load IP Config File for FREERTOS
2024-10-01 08:33:03,062 [INFO] ApiDbMcu:468 - Load IP Config File for USB_DEVICE
2024-10-01 08:33:06,324 [INFO] ProjectBuilder:3789 - Time for Generating toolchain IDE Files: 3575mS.
2024-10-01 08:33:06,324 [INFO] ProjectBuilder:2457 - Time for Copy CMSIS : 0mS.
2024-10-01 08:33:06,324 [INFO] ProjectBuilder:2457 - Time for Copy CMSIS : 0mS.
2024-10-01 08:33:07,394 [INFO] McuFinderGlobals:52 - Set McuFinderConnectedMode to true
2024-10-01 08:33:07,395 [INFO] ApiDb:276 - Save user favorites file C:\Users\PC/.stm32cubeide/favorites.mcus.txt: 0 item(s)
2024-10-01 08:33:07,395 [INFO] ApiDb:280 - User favorites MCUs=[]
2024-10-01 08:38:22,169 [ERROR] LogOutputStream:74 - [STDERR_REDIRECT] Exception in thread "AWT-EventQueue-0" java.lang.NullPointerException
2024-10-01 08:38:22,170 [ERROR] LogOutputStream:74 - [STDERR_REDIRECT] 	at com.st.microxplorer.mcu.Signal.getDiagnostic(Signal.java:804)
2024-10-01 08:38:22,170 [ERROR] LogOutputStream:74 - [STDERR_REDIRECT] 	at com.st.microxplorer.mcu.Mode.getDiagnostic(Mode.java:1383)
2024-10-01 08:38:22,171 [ERROR] LogOutputStream:74 - [STDERR_REDIRECT] 	at com.st.microxplorer.mcu.Mode.getDiagnostic(Mode.java:1413)
2024-10-01 08:38:22,171 [ERROR] LogOutputStream:74 - [STDERR_REDIRECT] 	at com.st.microxplorer.peripheralpanel.CheckPeriphMode.updateMode(PeriphMode.java:286)
2024-10-01 08:38:22,172 [ERROR] LogOutputStream:74 - [STDERR_REDIRECT] 	at com.st.microxplorer.peripheralpanel.PeripheralTree.updateModes(PeripheralTree.java:665)
2024-10-01 08:38:22,173 [ERROR] LogOutputStream:74 - [STDERR_REDIRECT] 	at com.st.microxplorer.peripheralpanel.PeripheralTree.updateModes(PeripheralTree.java:633)
2024-10-01 08:38:22,173 [ERROR] LogOutputStream:74 - [STDERR_REDIRECT] 	at com.st.microxplorer.peripheralpanel.PeripheralTree.updateModes(PeripheralTree.java:633)
2024-10-01 08:38:22,174 [ERROR] LogOutputStream:74 - [STDERR_REDIRECT] 	at com.st.microxplorer.peripheralpanel.PeripheralTree.updateModes(PeripheralTree.java:624)
2024-10-01 08:38:22,174 [ERROR] LogOutputStream:74 - [STDERR_REDIRECT] 	at com.st.microxplorer.plugins.pinoutconfig.guiV5.PeripheralsSelectionPanel.updatePeripheralsTree(PeripheralsSelectionPanel.java:481)
2024-10-01 08:38:22,175 [ERROR] LogOutputStream:74 - [STDERR_REDIRECT] 	at com.st.microxplorer.plugins.pinoutconfig.guiV5.PeripheralsSelectionPanel.propertyChange(PeripheralsSelectionPanel.java:585)
2024-10-01 08:38:22,176 [ERROR] LogOutputStream:74 - [STDERR_REDIRECT] 	at java.desktop/java.beans.PropertyChangeSupport.fire(PropertyChangeSupport.java:341)
2024-10-01 08:38:22,177 [ERROR] LogOutputStream:74 - [STDERR_REDIRECT] 	at java.desktop/java.beans.PropertyChangeSupport.firePropertyChange(PropertyChangeSupport.java:333)
2024-10-01 08:38:22,177 [ERROR] LogOutputStream:74 - [STDERR_REDIRECT] 	at com.st.microxplorer.mxsystem.MxSystem.propertyChange(MxSystem.java:446)
2024-10-01 08:38:22,178 [ERROR] LogOutputStream:74 - [STDERR_REDIRECT] 	at java.desktop/java.beans.PropertyChangeSupport.fire(PropertyChangeSupport.java:341)
2024-10-01 08:38:22,178 [ERROR] LogOutputStream:74 - [STDERR_REDIRECT] 	at java.desktop/java.beans.PropertyChangeSupport.firePropertyChange(PropertyChangeSupport.java:333)
2024-10-01 08:38:22,179 [ERROR] LogOutputStream:74 - [STDERR_REDIRECT] 	at java.desktop/java.beans.PropertyChangeSupport.firePropertyChange(PropertyChangeSupport.java:266)
2024-10-01 08:38:22,180 [ERROR] LogOutputStream:74 - [STDERR_REDIRECT] 	at com.st.microxplorer.util.MXPropertyChangeSupport.firePropertyChange(MXPropertyChangeSupport.java:50)
2024-10-01 08:38:22,180 [ERROR] LogOutputStream:74 - [STDERR_REDIRECT] 	at com.st.microxplorer.mcu.Mcu.propertyChange(Mcu.java:1660)
2024-10-01 08:38:22,181 [ERROR] LogOutputStream:74 - [STDERR_REDIRECT] 	at java.desktop/java.beans.PropertyChangeSupport.fire(PropertyChangeSupport.java:341)
2024-10-01 08:38:22,181 [ERROR] LogOutputStream:74 - [STDERR_REDIRECT] 	at java.desktop/java.beans.PropertyChangeSupport.firePropertyChange(PropertyChangeSupport.java:333)
2024-10-01 08:38:22,182 [ERROR] LogOutputStream:74 - [STDERR_REDIRECT] 	at java.desktop/java.beans.PropertyChangeSupport.firePropertyChange(PropertyChangeSupport.java:266)
2024-10-01 08:38:22,183 [ERROR] LogOutputStream:74 - [STDERR_REDIRECT] 	at com.st.microxplorer.util.MXPropertyChangeSupport.firePropertyChange(MXPropertyChangeSupport.java:50)
2024-10-01 08:38:22,183 [ERROR] LogOutputStream:74 - [STDERR_REDIRECT] 	at com.st.microxplorer.mcu.Pin.setLocked(Pin.java:830)
2024-10-01 08:38:22,184 [ERROR] LogOutputStream:74 - [STDERR_REDIRECT] 	at com.st.microxplorer.plugins.pinoutconfig.gui.PinOutPanel$4.actionPerformed(PinOutPanel.java:367)
2024-10-01 08:38:22,184 [ERROR] LogOutputStream:74 - [STDERR_REDIRECT] 	at java.desktop/javax.swing.AbstractButton.fireActionPerformed(AbstractButton.java:1967)
2024-10-01 08:38:22,185 [ERROR] LogOutputStream:74 - [STDERR_REDIRECT] 	at java.desktop/javax.swing.AbstractButton$Handler.actionPerformed(AbstractButton.java:2308)
2024-10-01 08:38:22,185 [ERROR] LogOutputStream:74 - [STDERR_REDIRECT] 	at java.desktop/javax.swing.DefaultButtonModel.fireActionPerformed(DefaultButtonModel.java:405)
2024-10-01 08:38:22,186 [ERROR] LogOutputStream:74 - [STDERR_REDIRECT] 	at java.desktop/javax.swing.DefaultButtonModel.setPressed(DefaultButtonModel.java:262)
2024-10-01 08:38:22,186 [ERROR] LogOutputStream:74 - [STDERR_REDIRECT] 	at java.desktop/javax.swing.AbstractButton.doClick(AbstractButton.java:369)
2024-10-01 08:38:22,187 [ERROR] LogOutputStream:74 - [STDERR_REDIRECT] 	at java.desktop/javax.swing.plaf.basic.BasicMenuItemUI.doClick(BasicMenuItemUI.java:1020)
2024-10-01 08:38:22,187 [ERROR] LogOutputStream:74 - [STDERR_REDIRECT] 	at java.desktop/javax.swing.plaf.basic.BasicMenuItemUI$Handler.mouseReleased(BasicMenuItemUI.java:1064)
2024-10-01 08:38:22,188 [ERROR] LogOutputStream:74 - [STDERR_REDIRECT] 	at java.desktop/java.awt.Component.processMouseEvent(Component.java:6635)
2024-10-01 08:38:22,188 [ERROR] LogOutputStream:74 - [STDERR_REDIRECT] 	at java.desktop/javax.swing.JComponent.processMouseEvent(JComponent.java:3342)
2024-10-01 08:38:22,189 [ERROR] LogOutputStream:74 - [STDERR_REDIRECT] 	at java.desktop/java.awt.Component.processEvent(Component.java:6400)
2024-10-01 08:38:22,189 [ERROR] LogOutputStream:74 - [STDERR_REDIRECT] 	at java.desktop/java.awt.Container.processEvent(Container.java:2263)
2024-10-01 08:38:22,190 [ERROR] LogOutputStream:74 - [STDERR_REDIRECT] 	at java.desktop/java.awt.Component.dispatchEventImpl(Component.java:5011)
2024-10-01 08:38:22,190 [ERROR] LogOutputStream:74 - [STDERR_REDIRECT] 	at java.desktop/java.awt.Container.dispatchEventImpl(Container.java:2321)
2024-10-01 08:38:22,191 [ERROR] LogOutputStream:74 - [STDERR_REDIRECT] 	at java.desktop/java.awt.Component.dispatchEvent(Component.java:4843)
2024-10-01 08:38:22,192 [ERROR] LogOutputStream:74 - [STDERR_REDIRECT] 	at java.desktop/java.awt.LightweightDispatcher.retargetMouseEvent(Container.java:4918)
2024-10-01 08:38:22,192 [ERROR] LogOutputStream:74 - [STDERR_REDIRECT] 	at java.desktop/java.awt.LightweightDispatcher.processMouseEvent(Container.java:4547)
2024-10-01 08:38:22,193 [ERROR] LogOutputStream:74 - [STDERR_REDIRECT] 	at java.desktop/java.awt.LightweightDispatcher.dispatchEvent(Container.java:4488)
2024-10-01 08:38:22,193 [ERROR] LogOutputStream:74 - [STDERR_REDIRECT] 	at java.desktop/java.awt.Container.dispatchEventImpl(Container.java:2307)
2024-10-01 08:38:22,193 [ERROR] LogOutputStream:74 - [STDERR_REDIRECT] 	at java.desktop/java.awt.Window.dispatchEventImpl(Window.java:2772)
2024-10-01 08:38:22,194 [ERROR] LogOutputStream:74 - [STDERR_REDIRECT] 	at java.desktop/java.awt.Component.dispatchEvent(Component.java:4843)
2024-10-01 08:38:22,195 [ERROR] LogOutputStream:74 - [STDERR_REDIRECT] 	at java.desktop/java.awt.EventQueue.dispatchEventImpl(EventQueue.java:772)
2024-10-01 08:38:22,195 [ERROR] LogOutputStream:74 - [STDERR_REDIRECT] 	at java.desktop/java.awt.EventQueue$4.run(EventQueue.java:721)
2024-10-01 08:38:22,195 [ERROR] LogOutputStream:74 - [STDERR_REDIRECT] 	at java.desktop/java.awt.EventQueue$4.run(EventQueue.java:715)
2024-10-01 08:38:22,196 [ERROR] LogOutputStream:74 - [STDERR_REDIRECT] 	at java.base/java.security.AccessController.doPrivileged(Native Method)
2024-10-01 08:38:22,197 [ERROR] LogOutputStream:74 - [STDERR_REDIRECT] 	at java.base/java.security.ProtectionDomain$JavaSecurityAccessImpl.doIntersectionPrivilege(ProtectionDomain.java:85)
2024-10-01 08:38:22,197 [ERROR] LogOutputStream:74 - [STDERR_REDIRECT] 	at java.base/java.security.ProtectionDomain$JavaSecurityAccessImpl.doIntersectionPrivilege(ProtectionDomain.java:95)
2024-10-01 08:38:22,198 [ERROR] LogOutputStream:74 - [STDERR_REDIRECT] 	at java.desktop/java.awt.EventQueue$5.run(EventQueue.java:745)
2024-10-01 08:38:22,198 [ERROR] LogOutputStream:74 - [STDERR_REDIRECT] 	at java.desktop/java.awt.EventQueue$5.run(EventQueue.java:743)
2024-10-01 08:38:22,198 [ERROR] LogOutputStream:74 - [STDERR_REDIRECT] 	at java.base/java.security.AccessController.doPrivileged(Native Method)
2024-10-01 08:38:22,199 [ERROR] LogOutputStream:74 - [STDERR_REDIRECT] 	at java.base/java.security.ProtectionDomain$JavaSecurityAccessImpl.doIntersectionPrivilege(ProtectionDomain.java:85)
2024-10-01 08:38:22,199 [ERROR] LogOutputStream:74 - [STDERR_REDIRECT] 	at java.desktop/java.awt.EventQueue.dispatchEvent(EventQueue.java:742)
2024-10-01 08:38:22,200 [ERROR] LogOutputStream:74 - [STDERR_REDIRECT] 	at java.desktop/java.awt.EventDispatchThread.pumpOneEventForFilters(EventDispatchThread.java:203)
2024-10-01 08:38:22,200 [ERROR] LogOutputStream:74 - [STDERR_REDIRECT] 	at java.desktop/java.awt.EventDispatchThread.pumpEventsForFilter(EventDispatchThread.java:124)
2024-10-01 08:38:22,201 [ERROR] LogOutputStream:74 - [STDERR_REDIRECT] 	at java.desktop/java.awt.EventDispatchThread.pumpEventsForHierarchy(EventDispatchThread.java:113)
2024-10-01 08:38:22,202 [ERROR] LogOutputStream:74 - [STDERR_REDIRECT] 	at java.desktop/java.awt.EventDispatchThread.pumpEvents(EventDispatchThread.java:109)
2024-10-01 08:38:22,204 [ERROR] LogOutputStream:74 - [STDERR_REDIRECT] 	at java.desktop/java.awt.EventDispatchThread.pumpEvents(EventDispatchThread.java:101)
2024-10-01 08:38:22,205 [ERROR] LogOutputStream:74 - [STDERR_REDIRECT] 	at java.desktop/java.awt.EventDispatchThread.run(EventDispatchThread.java:90)
2024-10-01 08:39:12,028 [INFO] NvicIntPanel:96 - NVIC parent = com.st.microxplorer.plugins.ip.nvic.MultiNvicIntPanel[,0,0,549x357,layout=javax.swing.BoxLayout,alignmentX=0.0,alignmentY=0.0,border=,flags=9,maximumSize=,minimumSize=,preferredSize=]
2024-10-01 08:39:13,121 [INFO] NvicIntPanel:96 - NVIC parent = com.st.microxplorer.plugins.ip.nvic.MultiNvicIntPanel[,0,0,0x0,invalid,layout=javax.swing.BoxLayout,alignmentX=0.0,alignmentY=0.0,border=,flags=9,maximumSize=,minimumSize=,preferredSize=]
2024-10-01 08:39:41,867 [INFO] UtilMem:74 - End SaveConfig() Used Memory: 896754056 Bytes (995098624)
2024-10-01 08:39:44,041 [INFO] UtilMem:74 - End SaveConfig() Used Memory: 925326992 Bytes (995098624)
2024-10-01 08:39:45,557 [INFO] UtilMem:74 - End SaveConfig() Used Memory: 862823504 Bytes (995098624)
2024-10-01 08:39:45,721 [INFO] BlockDiagram:2740 - set Specific Code input for plugin: NVIC
2024-10-01 08:39:45,721 [INFO] BlockDiagram:2740 - set Specific Code input for plugin: SYS
2024-10-01 08:39:45,722 [INFO] BlockDiagram:2740 - set Specific Code input for plugin: GPIO
2024-10-01 08:39:45,722 [INFO] BlockDiagram:2740 - set Specific Code input for plugin: RCC
2024-10-01 08:39:45,722 [INFO] BlockDiagram:2740 - set Specific Code input for plugin: TIM1_8F1
2024-10-01 08:39:45,722 [INFO] CodeGenerator:663 - code generatio: config db path: C:\ST\STM32CubeIDE_1.7.0\STM32CubeIDE\plugins\com.st.stm32cube.common.mx_6.3.0.202107141111\\db\
2024-10-01 08:39:45,888 [INFO] CodeEngine:239 - oldGeneratedFile, D:\VXL_2\Exercise\MXTmpFiles\license.tmp_save
2024-10-01 08:39:45,925 [INFO] CodeEngine:257 - Generated code: D:\VXL_2\Exercise\MXTmpFiles\license.tmp
2024-10-01 08:39:45,999 [INFO] CodeEngine:239 - oldGeneratedFile, D:\VXL_2\Exercise\MXTmpFiles\gpio.tmp_save
2024-10-01 08:39:46,040 [INFO] CodeEngine:257 - Generated code: D:\VXL_2\Exercise\MXTmpFiles\gpio.tmp
2024-10-01 08:39:46,192 [INFO] CodeEngine:239 - oldGeneratedFile, D:\VXL_2\Exercise\Core\Src\stm32f1xx_it.c_save
2024-10-01 08:39:46,258 [INFO] CodeEngine:257 - Generated code: D:\VXL_2\Exercise\Core\Src\stm32f1xx_it.c
2024-10-01 08:39:46,265 [INFO] CodeEngine:239 - oldGeneratedFile, D:\VXL_2\Exercise\Core\Inc\stm32f1xx_it.h_save
2024-10-01 08:39:46,315 [INFO] CodeEngine:257 - Generated code: D:\VXL_2\Exercise\Core\Inc\stm32f1xx_it.h
2024-10-01 08:39:46,326 [INFO] CodeEngine:239 - oldGeneratedFile, D:\VXL_2\Exercise\Core\Src\stm32f1xx_hal_msp.c_save
2024-10-01 08:39:46,415 [INFO] CodeEngine:257 - Generated code: D:\VXL_2\Exercise\Core\Src\stm32f1xx_hal_msp.c
2024-10-01 08:39:46,416 [INFO] CodeEngine:239 - oldGeneratedFile, D:\VXL_2\Exercise\MXTmpFiles\system.tmp_save
2024-10-01 08:39:46,446 [INFO] CodeEngine:257 - Generated code: D:\VXL_2\Exercise\MXTmpFiles\system.tmp
2024-10-01 08:39:46,453 [INFO] CodeEngine:239 - oldGeneratedFile, D:\VXL_2\Exercise\Core\Inc\stm32f1xx_hal_conf.h_save
2024-10-01 08:39:46,508 [INFO] CodeEngine:257 - Generated code: D:\VXL_2\Exercise\Core\Inc\stm32f1xx_hal_conf.h
2024-10-01 08:39:46,518 [WARN] IPConfigManager:3148 - IP not found : TIM
2024-10-01 08:39:46,518 [WARN] CodeGenerator:3268 - IP not found : null
2024-10-01 08:39:46,525 [INFO] CodeEngine:239 - oldGeneratedFile, D:\VXL_2\Exercise\Core\Inc\main.h_save
2024-10-01 08:39:46,576 [INFO] CodeEngine:257 - Generated code: D:\VXL_2\Exercise\Core\Inc\main.h
2024-10-01 08:39:46,585 [INFO] CodeEngine:239 - oldGeneratedFile, D:\VXL_2\Exercise\Core\Src\main.c_save
2024-10-01 08:39:46,653 [INFO] CodeEngine:257 - Generated code: D:\VXL_2\Exercise\Core\Src\main.c
2024-10-01 08:39:47,055 [INFO] ProjectBuilder:2578 - Time for Copy HAL[1] : 19mS.
2024-10-01 08:39:47,057 [INFO] ProjectBuilder:3622 - Project Generator version: 3.14.1
2024-10-01 08:39:47,499 [INFO] ConfigFileManager:1271 - The Die is : DIE412
2024-10-01 08:39:48,775 [INFO] ProjectBuilder:3789 - Time for Generating toolchain IDE Files: 1718mS.
2024-10-01 08:39:48,775 [INFO] ProjectBuilder:2457 - Time for Copy CMSIS : 0mS.
2024-10-01 08:39:48,776 [INFO] ProjectBuilder:2457 - Time for Copy CMSIS : 0mS.
2024-10-01 11:50:03,705 [INFO] Activator:177 - 


2024-10-01 11:50:03,705 [INFO] Activator:178 - !SESSION log4j initialized
